{"D:\\namaste-react\\Ep-3 Laying the foundation\\src\\components\\Contact.js": {"path":"D:\\namaste-react\\Ep-3 Laying the foundation\\src\\components\\Contact.js","statementMap":{"0":{"start":{"line":2,"column":16},"end":{"line":21,"column":1}},"1":{"start":{"line":3,"column":2},"end":{"line":20,"column":4}}},"fnMap":{"0":{"name":"(anonymous_0)","decl":{"start":{"line":2,"column":16},"end":{"line":2,"column":17}},"loc":{"start":{"line":2,"column":22},"end":{"line":21,"column":1}},"line":2}},"branchMap":{},"s":{"0":1,"1":3},"f":{"0":3},"b":{},"_coverageSchema":"1a1c01bbd47fc00a2c39e90264f33305004495a9","hash":"29b6582ca68f1dc2f9c528f89fcbb6c016918ee3"}
,"D:\\namaste-react\\Ep-3 Laying the foundation\\src\\components\\Header.js": {"path":"D:\\namaste-react\\Ep-3 Laying the foundation\\src\\components\\Header.js","statementMap":{"0":{"start":{"line":7,"column":15},"end":{"line":50,"column":1}},"1":{"start":{"line":8,"column":27},"end":{"line":8,"column":50}},"2":{"start":{"line":9,"column":23},"end":{"line":9,"column":40}},"3":{"start":{"line":10,"column":42},"end":{"line":10,"column":59}},"4":{"start":{"line":11,"column":20},"end":{"line":11,"column":59}},"5":{"start":{"line":11,"column":43},"end":{"line":11,"column":58}},"6":{"start":{"line":12,"column":2},"end":{"line":49,"column":4}},"7":{"start":{"line":38,"column":14},"end":{"line":40,"column":43}}},"fnMap":{"0":{"name":"(anonymous_0)","decl":{"start":{"line":7,"column":15},"end":{"line":7,"column":16}},"loc":{"start":{"line":7,"column":21},"end":{"line":50,"column":1}},"line":7},"1":{"name":"(anonymous_1)","decl":{"start":{"line":11,"column":32},"end":{"line":11,"column":33}},"loc":{"start":{"line":11,"column":43},"end":{"line":11,"column":58}},"line":11},"2":{"name":"(anonymous_2)","decl":{"start":{"line":37,"column":21},"end":{"line":37,"column":22}},"loc":{"start":{"line":37,"column":27},"end":{"line":41,"column":13}},"line":37}},"branchMap":{"0":{"loc":{"start":{"line":19,"column":46},"end":{"line":19,"column":72}},"type":"cond-expr","locations":[{"start":{"line":19,"column":61},"end":{"line":19,"column":65}},{"start":{"line":19,"column":68},"end":{"line":19,"column":72}}],"line":19},"1":{"loc":{"start":{"line":38,"column":14},"end":{"line":40,"column":42}},"type":"cond-expr","locations":[{"start":{"line":39,"column":18},"end":{"line":39,"column":43}},{"start":{"line":40,"column":18},"end":{"line":40,"column":42}}],"line":38}},"s":{"0":1,"1":4,"2":4,"3":4,"4":4,"5":7,"6":4,"7":1},"f":{"0":4,"1":7,"2":1},"b":{"0":[4,0],"1":[1,0]},"_coverageSchema":"1a1c01bbd47fc00a2c39e90264f33305004495a9","hash":"a88faef07c8136845a7cd2a790245d4ab6510327"}
,"D:\\namaste-react\\Ep-3 Laying the foundation\\src\\components\\sum.js": {"path":"D:\\namaste-react\\Ep-3 Laying the foundation\\src\\components\\sum.js","statementMap":{"0":{"start":{"line":1,"column":19},"end":{"line":3,"column":1}},"1":{"start":{"line":2,"column":2},"end":{"line":2,"column":15}}},"fnMap":{"0":{"name":"(anonymous_0)","decl":{"start":{"line":1,"column":19},"end":{"line":1,"column":20}},"loc":{"start":{"line":1,"column":29},"end":{"line":3,"column":1}},"line":1}},"branchMap":{},"s":{"0":1,"1":1},"f":{"0":1},"b":{},"_coverageSchema":"1a1c01bbd47fc00a2c39e90264f33305004495a9","hash":"7bccf6d97c1a325b56a94bc37b42ef994d55b6a5"}
,"D:\\namaste-react\\Ep-3 Laying the foundation\\src\\utils\\UserContext.js": {"path":"D:\\namaste-react\\Ep-3 Laying the foundation\\src\\utils\\UserContext.js","statementMap":{"0":{"start":{"line":3,"column":20},"end":{"line":5,"column":2}}},"fnMap":{},"branchMap":{},"s":{"0":1},"f":{},"b":{},"_coverageSchema":"1a1c01bbd47fc00a2c39e90264f33305004495a9","hash":"067c8045dec68084d63df5a4e89b96757f2529d6"}
,"D:\\namaste-react\\Ep-3 Laying the foundation\\src\\utils\\appStore.js": {"path":"D:\\namaste-react\\Ep-3 Laying the foundation\\src\\utils\\appStore.js","statementMap":{"0":{"start":{"line":3,"column":17},"end":{"line":7,"column":2}}},"fnMap":{},"branchMap":{},"s":{"0":1},"f":{},"b":{},"_coverageSchema":"1a1c01bbd47fc00a2c39e90264f33305004495a9","hash":"0901f4e9aea95a2c3a616454e9bdd0254caadccc"}
,"D:\\namaste-react\\Ep-3 Laying the foundation\\src\\utils\\cartSlice.js": {"path":"D:\\namaste-react\\Ep-3 Laying the foundation\\src\\utils\\cartSlice.js","statementMap":{"0":{"start":{"line":3,"column":18},"end":{"line":19,"column":2}},"1":{"start":{"line":10,"column":6},"end":{"line":10,"column":38}},"2":{"start":{"line":13,"column":6},"end":{"line":13,"column":23}},"3":{"start":{"line":16,"column":6},"end":{"line":16,"column":28}},"4":{"start":{"line":20,"column":50},"end":{"line":20,"column":67}}},"fnMap":{"0":{"name":"(anonymous_0)","decl":{"start":{"line":9,"column":13},"end":{"line":9,"column":14}},"loc":{"start":{"line":9,"column":32},"end":{"line":11,"column":5}},"line":9},"1":{"name":"(anonymous_1)","decl":{"start":{"line":12,"column":16},"end":{"line":12,"column":17}},"loc":{"start":{"line":12,"column":27},"end":{"line":14,"column":5}},"line":12},"2":{"name":"(anonymous_2)","decl":{"start":{"line":15,"column":15},"end":{"line":15,"column":16}},"loc":{"start":{"line":15,"column":26},"end":{"line":17,"column":5}},"line":15}},"branchMap":{},"s":{"0":1,"1":0,"2":0,"3":0,"4":1},"f":{"0":0,"1":0,"2":0},"b":{},"_coverageSchema":"1a1c01bbd47fc00a2c39e90264f33305004495a9","hash":"04d1e81a135d67d631945b2bcc38e4468d2f9d24"}
,"D:\\namaste-react\\Ep-3 Laying the foundation\\src\\utils\\constant.js": {"path":"D:\\namaste-react\\Ep-3 Laying the foundation\\src\\utils\\constant.js","statementMap":{"0":{"start":{"line":2,"column":2},"end":{"line":2,"column":70}},"1":{"start":{"line":4,"column":2},"end":{"line":4,"column":85}},"2":{"start":{"line":6,"column":2},"end":{"line":6,"column":125}}},"fnMap":{},"branchMap":{},"s":{"0":1,"1":1,"2":1},"f":{},"b":{},"_coverageSchema":"1a1c01bbd47fc00a2c39e90264f33305004495a9","hash":"ccdfe9dc67393d816da77cc90c2a9d9c521b78cf"}
,"D:\\namaste-react\\Ep-3 Laying the foundation\\src\\utils\\useOnlineStatus.js": {"path":"D:\\namaste-react\\Ep-3 Laying the foundation\\src\\utils\\useOnlineStatus.js","statementMap":{"0":{"start":{"line":3,"column":24},"end":{"line":14,"column":1}},"1":{"start":{"line":4,"column":42},"end":{"line":4,"column":56}},"2":{"start":{"line":5,"column":2},"end":{"line":12,"column":9}},"3":{"start":{"line":6,"column":4},"end":{"line":8,"column":7}},"4":{"start":{"line":7,"column":6},"end":{"line":7,"column":29}},"5":{"start":{"line":9,"column":4},"end":{"line":11,"column":7}},"6":{"start":{"line":10,"column":6},"end":{"line":10,"column":28}},"7":{"start":{"line":13,"column":2},"end":{"line":13,"column":22}}},"fnMap":{"0":{"name":"(anonymous_0)","decl":{"start":{"line":3,"column":24},"end":{"line":3,"column":25}},"loc":{"start":{"line":3,"column":30},"end":{"line":14,"column":1}},"line":3},"1":{"name":"(anonymous_1)","decl":{"start":{"line":5,"column":12},"end":{"line":5,"column":13}},"loc":{"start":{"line":5,"column":18},"end":{"line":12,"column":3}},"line":5},"2":{"name":"(anonymous_2)","decl":{"start":{"line":6,"column":39},"end":{"line":6,"column":40}},"loc":{"start":{"line":6,"column":45},"end":{"line":8,"column":5}},"line":6},"3":{"name":"(anonymous_3)","decl":{"start":{"line":9,"column":38},"end":{"line":9,"column":39}},"loc":{"start":{"line":9,"column":44},"end":{"line":11,"column":5}},"line":9}},"branchMap":{},"s":{"0":1,"1":4,"2":4,"3":3,"4":0,"5":3,"6":0,"7":4},"f":{"0":4,"1":3,"2":0,"3":0},"b":{},"_coverageSchema":"1a1c01bbd47fc00a2c39e90264f33305004495a9","hash":"e14aff402f2e812782ae2a5af4760cdac0024532"}
}
